/Users/teddy/.matplotlib is not a writable directory
Matplotlib created a temporary cache directory at /var/folders/d6/6802m2px26s3sxjqfchl39gh0000gn/T/matplotlib-gqdksnrb because there was an issue with the default path (/Users/teddy/.matplotlib); it is highly recommended to set the MPLCONFIGDIR environment variable to a writable directory, in particular to speed up the import of Matplotlib and to better support multiprocessing.

Fontconfig error: No writable cache directories
	/opt/homebrew/var/cache/fontconfig
	/Users/teddy/.cache/fontconfig
	/Users/teddy/.fontconfig

Fontconfig error: No writable cache directories
	/opt/homebrew/var/cache/fontconfig
	/Users/teddy/.cache/fontconfig
	/Users/teddy/.fontconfig

Fontconfig error: No writable cache directories
	/opt/homebrew/var/cache/fontconfig
	/Users/teddy/.cache/fontconfig
	/Users/teddy/.fontconfig

Fontconfig error: No writable cache directories
	/opt/homebrew/var/cache/fontconfig
	/Users/teddy/.cache/fontconfig
	/Users/teddy/.fontconfig
Matplotlib is building the font cache; this may take a moment.

================================================================================
LOAD DATASET
================================================================================

[Experiment Window]
Start time               2024-06-26 16:57:17.226
End time                 2024-06-26 17:29:32.317
Duration                 0:32:15.091000

[Resolved Profile]
Signal modality          EEG (eeg)
Source channels          E2_F4_5D_E2_AD_C1-1-1, E2_F4_5D_E2_AD_C1-2-2, E2_F4_5D_E2_AD_C1-3-3, E2_F4_5D_E2_AD_C1-4-4, E2_F4_5D_E2_AD_C1-5-5
Analysis channels        eeg_mean
Band-pass                [1, 60]
Sampling rate            992.0000 Hz
Segment count            32
Segment labels           eeg_mean_segment_1, eeg_mean_segment_2, eeg_mean_segment_3, eeg_mean_segment_4, eeg_mean_segment_5, eeg_mean_segment_6, eeg_mean_segment_7, eeg_mean_segment_8, eeg_mean_segment_9, eeg_mean_segment_10, eeg_mean_segment_11, eeg_mean_segment_12, eeg_mean_segment_13, eeg_mean_segment_14, eeg_mean_segment_15, eeg_mean_segment_16, eeg_mean_segment_17, eeg_mean_segment_18, eeg_mean_segment_19, eeg_mean_segment_20, eeg_mean_segment_21, eeg_mean_segment_22, eeg_mean_segment_23, eeg_mean_segment_24, eeg_mean_segment_25, eeg_mean_segment_26, eeg_mean_segment_27, eeg_mean_segment_28, eeg_mean_segment_29, eeg_mean_segment_30, eeg_mean_segment_31, eeg_mean_segment_32
-> Dataset loading finished.
[ok] Completed.

================================================================================
PREPROCESS
================================================================================

[Filter Setup]
Band-pass range          [1, 60]
Band-pass order          4
Band-stop range          [48, 52]
Band-stop order          4
[ok] Preprocessing finished.

================================================================================
ANALYSIS
================================================================================
-> Running band analysis.

[Band Analysis]
-> Computing EEG band metrics.
[ok] Band analysis finished.
[ok] Analysis finished.
