
================================================================================
LOAD DATASET
================================================================================

[Experiment Window]
Start time               2024-06-26 16:57:17.226
End time                 2024-06-26 16:57:29.321
Duration                 0:00:12.095000

[Resolved Profile]
Signal modality          EEG (eeg)
Source channels          E2_F4_5D_E2_AD_C1-1-1, E2_F4_5D_E2_AD_C1-2-2, E2_F4_5D_E2_AD_C1-3-3, E2_F4_5D_E2_AD_C1-4-4, E2_F4_5D_E2_AD_C1-5-5
Analysis channels        eeg_mean
Band-pass                [1, 60]
Sampling rate            992.0000 Hz
Segment count            1
Segment labels           eeg_mean_segment_1
-> Dataset loading finished.
[ok] Completed.

================================================================================
PREPROCESS
================================================================================

[Filter Setup]
Band-pass range          [1, 60]
Band-pass order          4
Band-stop range          [48, 52]
Band-stop order          4
[ok] Preprocessing finished.

================================================================================
ANALYSIS
================================================================================
-> Running band analysis.

[Band Analysis]
-> Computing EEG band metrics.
[ok] Band analysis finished.
[ok] Analysis finished.
lysis finished.
[ok] Analysis finished.
