/Users/teddy/.matplotlib is not a writable directory
Matplotlib created a temporary cache directory at /var/folders/d6/6802m2px26s3sxjqfchl39gh0000gn/T/matplotlib-24c_7hqv because there was an issue with the default path (/Users/teddy/.matplotlib); it is highly recommended to set the MPLCONFIGDIR environment variable to a writable directory, in particular to speed up the import of Matplotlib and to better support multiprocessing.

Fontconfig error: No writable cache directories
	/opt/homebrew/var/cache/fontconfig
	/Users/teddy/.cache/fontconfig
	/Users/teddy/.fontconfig

Fontconfig error: No writable cache directories
	/opt/homebrew/var/cache/fontconfig
	/Users/teddy/.cache/fontconfig
	/Users/teddy/.fontconfig

Fontconfig error: No writable cache directories
	/opt/homebrew/var/cache/fontconfig
	/Users/teddy/.cache/fontconfig
	/Users/teddy/.fontconfig

Fontconfig error: No writable cache directories
	/opt/homebrew/var/cache/fontconfig
	/Users/teddy/.cache/fontconfig
	/Users/teddy/.fontconfig
Matplotlib is building the font cache; this may take a moment.

================================================================================
LOAD DATASET
================================================================================

[Experiment Window]
Start time               2024-06-26 16:57:17.177
End time                 2024-06-26 17:29:32.221
Duration                 0:32:15.044000

[Slice Window]
Slice start              2024-06-26 17:17:10.000
Slice end                2024-06-26 17:19:50.000
Slice samples            158731

[Resolved Profile]
Signal modality          EMG (emg)
Source channels          DE_D5_F7_D3_7C_1A-3-3
Analysis channels        DE_D5_F7_D3_7C_1A-3-3
Band-pass                [1, 250]
Sampling rate            992.0000 Hz
Segment count            3
Segment labels           DE_D5_F7_D3_7C_1A-3-3_segment_1, DE_D5_F7_D3_7C_1A-3-3_segment_2, DE_D5_F7_D3_7C_1A-3-3_segment_3
-> Dataset loading finished.
[ok] Completed.

================================================================================
PREPROCESS
================================================================================

[Filter Setup]
Band-pass range          [1, 250]
Band-pass order          4
Band-stop range          [48, 52]
Band-stop order          4
[ok] Preprocessing finished.

================================================================================
ANALYSIS
================================================================================
-> Running FFT analysis.

[FFT]
-> Computing spectra.
[ok] FFT finished.
-> Running STFT analysis.

[STFT]
-> Computing spectrograms and energy estimates.
[ok] STFT finished.
-> Running frequency-domain summary analysis.

[Frequency Summary]
-> Computing sliding-window EMG summary metrics (RMS, MPF, MDF).
[ok] Frequency summary finished.
[ok] Analysis finished.
