
================================================================================
LOAD DATASET
================================================================================

[Experiment Window]
Start time               2024-06-26 16:57:17.177
End time                 2024-06-26 16:57:29.272
Duration                 0:00:12.095000

[Resolved Profile]
Signal modality          EMG (emg)
Source channels          DE_D5_F7_D3_7C_1A-3-3
Analysis channels        DE_D5_F7_D3_7C_1A-3-3
Band-pass                [1, 250]
Sampling rate            992.0000 Hz
Segment count            1
Segment labels           DE_D5_F7_D3_7C_1A-3-3_segment_1
-> Dataset loading finished.
[ok] Completed.

================================================================================
PREPROCESS
================================================================================

[Filter Setup]
Band-pass range          [1, 250]
Band-pass order          4
Band-stop range          [48, 52]
Band-stop order          4
[ok] Preprocessing finished.

================================================================================
ANALYSIS
================================================================================
-> Running FFT analysis.

[FFT]
-> Computing spectra.
[ok] FFT finished.
-> Running STFT analysis.

[STFT]
-> Computing spectrograms and energy estimates.
[ok] STFT finished.
-> Running frequency-domain summary analysis.

[Frequency Summary]
-> Computing sliding-window EMG summary metrics (RMS, MPF, MDF).
[ok] Frequency summary finished.
[ok] Analysis finished.
F, MDF).
[ok] Frequency summary finished.
[ok] Analysis finished.
